[2021-08-12T23:43:51.001] [DEBUG] cheese - login => username:admin,password:123
[2021-08-12T23:43:51.002] [DEBUG] cheese - admin
[2021-08-12T23:43:51.036] [DEBUG] cheese - null
[2021-08-12T23:43:51.037] [DEBUG] cheese - null
[2021-08-12T23:43:58.239] [DEBUG] cheese - login => username:13123321,password:123
[2021-08-12T23:43:58.239] [DEBUG] cheese - 13123321
[2021-08-12T23:43:58.242] [DEBUG] cheese - null
[2021-08-12T23:43:58.242] [DEBUG] cheese - null
[2021-08-12T23:44:18.972] [DEBUG] cheese - login => username:admin,password:123456
[2021-08-12T23:44:18.972] [DEBUG] cheese - admin
[2021-08-12T23:44:18.977] [DEBUG] cheese - null
[2021-08-12T23:44:18.977] [DEBUG] cheese - null
[2021-08-14T18:17:13.328] [DEBUG] cheese - login => username:admin,password:123456
[2021-08-14T18:17:13.329] [DEBUG] cheese - admin
[2021-08-14T18:17:13.382] [DEBUG] cheese - null
[2021-08-14T18:17:13.383] [DEBUG] cheese - null
[2021-08-14T18:17:23.995] [DEBUG] cheese - login => username:admin,password:123456
[2021-08-14T18:17:23.996] [DEBUG] cheese - admin
[2021-08-14T18:17:24.007] [DEBUG] cheese - null
[2021-08-14T18:17:24.008] [DEBUG] cheese - null
[2021-08-14T18:17:41.399] [DEBUG] cheese - login => username:admin,password:123456
[2021-08-14T18:17:41.399] [DEBUG] cheese - admin
[2021-08-14T18:17:41.402] [DEBUG] cheese - null
[2021-08-14T18:17:41.403] [DEBUG] cheese - null
[2021-08-14T18:22:28.835] [DEBUG] cheese - login => username:admin,password:123456
[2021-08-14T18:22:28.835] [DEBUG] cheese - admin
[2021-08-14T18:22:28.842] [DEBUG] cheese - null
[2021-08-14T18:22:28.842] [DEBUG] cheese - null
[2021-08-14T18:23:30.161] [DEBUG] cheese - login => username:admin,password:123456213
[2021-08-14T18:23:30.161] [DEBUG] cheese - admin
[2021-08-14T18:23:30.163] [DEBUG] cheese - null
[2021-08-14T18:23:30.163] [DEBUG] cheese - null
[2021-08-14T18:36:47.240] [DEBUG] cheese - login => username:admin,password:123456213
[2021-08-14T18:36:47.240] [DEBUG] cheese - admin
[2021-08-14T18:36:47.246] [DEBUG] cheese - null
[2021-08-14T18:36:47.246] [DEBUG] cheese - null
[2021-08-14T18:37:54.535] [DEBUG] cheese - login => username:admin,password:123456
[2021-08-14T18:37:54.535] [DEBUG] cheese - admin
[2021-08-14T18:37:54.538] [DEBUG] cheese - null
[2021-08-14T18:37:54.538] [DEBUG] cheese - null
[2021-08-14T18:40:39.518] [DEBUG] cheese - login => username:admin,password:123456
[2021-08-14T18:40:39.518] [DEBUG] cheese - admin
[2021-08-14T18:40:39.525] [DEBUG] cheese - null
[2021-08-14T18:40:39.525] [DEBUG] cheese - null
[2021-08-14T18:40:49.040] [DEBUG] cheese - login => username:admin,password:1231dfsfsd
[2021-08-14T18:40:49.040] [DEBUG] cheese - admin
[2021-08-14T18:40:49.042] [DEBUG] cheese - null
[2021-08-14T18:40:49.042] [DEBUG] cheese - null
[2021-08-14T18:41:24.818] [DEBUG] cheese - login => username:admin,password:1231dfsfsd
[2021-08-14T18:41:24.818] [DEBUG] cheese - admin
[2021-08-14T18:41:24.820] [DEBUG] cheese - null
[2021-08-14T18:41:24.820] [DEBUG] cheese - null
[2021-08-14T18:41:30.601] [DEBUG] cheese - login => username:admin,password:123456
[2021-08-14T18:41:30.601] [DEBUG] cheese - admin
[2021-08-14T18:41:30.603] [DEBUG] cheese - null
[2021-08-14T18:41:30.603] [DEBUG] cheese - null
[2021-08-14T19:30:30.414] [DEBUG] cheese - login => username:admin,password:123456
[2021-08-14T19:30:30.415] [DEBUG] cheese - admin
[2021-08-14T19:30:30.420] [DEBUG] cheese - null
[2021-08-14T19:30:30.420] [DEBUG] cheese - null
[2021-08-14T19:30:59.526] [DEBUG] cheese - login => username:admin,password:123456
[2021-08-14T19:30:59.526] [DEBUG] cheese - admin
[2021-08-14T19:30:59.527] [DEBUG] cheese - null
[2021-08-14T19:30:59.527] [DEBUG] cheese - null
[2021-08-14T19:31:08.487] [DEBUG] cheese - login => username:admin,password:123456
[2021-08-14T19:31:08.488] [DEBUG] cheese - admin
[2021-08-14T19:31:08.491] [DEBUG] cheese - null
[2021-08-14T19:31:08.491] [DEBUG] cheese - null
[2021-08-14T19:31:15.557] [DEBUG] cheese - login => username:admin,password:123456
[2021-08-14T19:31:15.557] [DEBUG] cheese - admin
[2021-08-14T19:31:15.558] [DEBUG] cheese - null
[2021-08-14T19:31:15.558] [DEBUG] cheese - null
[2021-08-14T19:31:18.727] [DEBUG] cheese - login => username:admin,password:123456
[2021-08-14T19:31:18.727] [DEBUG] cheese - admin
[2021-08-14T19:31:18.729] [DEBUG] cheese - null
[2021-08-14T19:31:18.729] [DEBUG] cheese - null
[2021-08-14T20:13:25.456] [DEBUG] cheese - login => username:admin,password:123456
[2021-08-14T20:13:25.456] [DEBUG] cheese - admin
[2021-08-14T20:13:25.462] [DEBUG] cheese - null
[2021-08-14T20:13:25.462] [DEBUG] cheese - null
[2021-08-14T20:13:29.378] [DEBUG] cheese - login => username:admin,password:123456
[2021-08-14T20:13:29.378] [DEBUG] cheese - admin
[2021-08-14T20:13:29.380] [DEBUG] cheese - null
[2021-08-14T20:13:29.380] [DEBUG] cheese - null
[2021-08-14T20:13:33.487] [DEBUG] cheese - login => username:admin,password:123456
[2021-08-14T20:13:33.487] [DEBUG] cheese - admin
[2021-08-14T20:13:33.488] [DEBUG] cheese - null
[2021-08-14T20:13:33.489] [DEBUG] cheese - null
[2021-08-14T20:13:35.176] [DEBUG] cheese - login => username:admin,password:123456sdadasd
[2021-08-14T20:13:35.177] [DEBUG] cheese - admin
[2021-08-14T20:13:35.179] [DEBUG] cheese - null
[2021-08-14T20:13:35.179] [DEBUG] cheese - null
[2021-08-14T20:13:37.457] [DEBUG] cheese - login => username:admin,password:123456sdadasd
[2021-08-14T20:13:37.457] [DEBUG] cheese - admin
[2021-08-14T20:13:37.460] [DEBUG] cheese - null
[2021-08-14T20:13:37.460] [DEBUG] cheese - null
[2021-08-14T20:37:51.873] [DEBUG] cheese - login => username:admin,password:123456sdadasd
[2021-08-14T20:37:51.874] [DEBUG] cheese - admin
[2021-08-14T20:37:51.880] [DEBUG] cheese - null
[2021-08-14T20:37:51.880] [DEBUG] cheese - null
[2021-08-14T20:37:58.501] [DEBUG] cheese - login => username:admin,password:123456
[2021-08-14T20:37:58.501] [DEBUG] cheese - admin
[2021-08-14T20:37:58.504] [DEBUG] cheese - null
[2021-08-14T20:37:58.504] [DEBUG] cheese - null
[2021-08-14T20:44:15.362] [DEBUG] cheese - login => username:admin,password:123456
[2021-08-14T20:44:15.362] [DEBUG] cheese - admin
[2021-08-14T20:44:15.367] [DEBUG] cheese - null
[2021-08-14T20:44:15.367] [DEBUG] cheese - null
[2021-08-14T20:44:16.838] [DEBUG] cheese - login => username:admin,password:123456
[2021-08-14T20:44:16.838] [DEBUG] cheese - admin
[2021-08-14T20:44:16.840] [DEBUG] cheese - null
[2021-08-14T20:44:16.840] [DEBUG] cheese - null
[2021-08-14T20:44:26.558] [DEBUG] cheese - login => username:admin,password:123456
[2021-08-14T20:44:26.558] [DEBUG] cheese - admin
[2021-08-14T20:44:26.560] [DEBUG] cheese - null
[2021-08-14T20:44:26.560] [DEBUG] cheese - null
[2021-08-14T20:44:34.897] [DEBUG] cheese - login => username:admin,password:123456
[2021-08-14T20:44:34.898] [DEBUG] cheese - admin
[2021-08-14T20:44:34.899] [DEBUG] cheese - null
[2021-08-14T20:44:34.899] [DEBUG] cheese - null
[2021-08-14T20:44:36.073] [DEBUG] cheese - login => username:admin,password:123456
[2021-08-14T20:44:36.074] [DEBUG] cheese - admin
[2021-08-14T20:44:36.080] [DEBUG] cheese - null
[2021-08-14T20:44:36.080] [DEBUG] cheese - null
[2021-08-14T20:44:36.932] [DEBUG] cheese - login => username:admin,password:123456
[2021-08-14T20:44:36.932] [DEBUG] cheese - admin
[2021-08-14T20:44:36.934] [DEBUG] cheese - null
[2021-08-14T20:44:36.934] [DEBUG] cheese - null
[2021-08-14T20:44:37.710] [DEBUG] cheese - login => username:admin,password:123456
[2021-08-14T20:44:37.710] [DEBUG] cheese - admin
[2021-08-14T20:44:37.716] [DEBUG] cheese - null
[2021-08-14T20:44:37.716] [DEBUG] cheese - null
[2021-08-14T20:49:42.463] [DEBUG] cheese - login => username:admin,password:123456
[2021-08-14T20:49:42.463] [DEBUG] cheese - admin
[2021-08-14T20:49:42.468] [DEBUG] cheese - null
[2021-08-14T20:49:42.468] [DEBUG] cheese - null
[2021-08-14T20:49:45.271] [DEBUG] cheese - login => username:admin,password:123456
[2021-08-14T20:49:45.271] [DEBUG] cheese - admin
[2021-08-14T20:49:45.273] [DEBUG] cheese - null
[2021-08-14T20:49:45.273] [DEBUG] cheese - null
[2021-08-14T20:49:47.609] [DEBUG] cheese - login => username:admin,password:123456
[2021-08-14T20:49:47.609] [DEBUG] cheese - admin
[2021-08-14T20:49:47.612] [DEBUG] cheese - null
[2021-08-14T20:49:47.612] [DEBUG] cheese - null
[2021-08-14T20:52:37.960] [DEBUG] cheese - login => username:admin,password:123456
[2021-08-14T20:52:37.960] [DEBUG] cheese - admin
[2021-08-14T20:52:37.965] [DEBUG] cheese - null
[2021-08-14T20:52:37.965] [DEBUG] cheese - null
[2021-08-14T20:55:19.815] [DEBUG] cheese - login => username:admin,password:123456
[2021-08-14T20:55:19.815] [DEBUG] cheese - admin
[2021-08-14T20:55:19.820] [DEBUG] cheese - null
[2021-08-14T20:55:19.820] [DEBUG] cheese - null
[2021-08-14T20:58:46.111] [DEBUG] cheese - login => username:admin,password:123456
[2021-08-14T20:58:46.112] [DEBUG] cheese - admin
[2021-08-14T20:58:46.116] [DEBUG] cheese - null
[2021-08-14T20:58:46.116] [DEBUG] cheese - null
[2021-08-14T21:04:36.216] [DEBUG] cheese - login => username:admin,password:123456
[2021-08-14T21:04:36.216] [DEBUG] cheese - admin
[2021-08-14T21:04:36.223] [DEBUG] cheese - null
[2021-08-14T21:04:36.223] [DEBUG] cheese - null
[2021-08-14T21:04:43.254] [DEBUG] cheese - login => username:admin,password:123456
[2021-08-14T21:04:43.254] [DEBUG] cheese - admin
[2021-08-14T21:04:43.256] [DEBUG] cheese - null
[2021-08-14T21:04:43.257] [DEBUG] cheese - null
[2021-08-14T21:07:08.200] [DEBUG] cheese - login => username:admin,password:123456
[2021-08-14T21:07:08.201] [DEBUG] cheese - admin
[2021-08-14T21:07:08.207] [DEBUG] cheese - null
[2021-08-14T21:07:08.207] [DEBUG] cheese - null
[2021-08-14T21:07:57.006] [DEBUG] cheese - login => username:admin,password:123456sada
[2021-08-14T21:07:57.006] [DEBUG] cheese - admin
[2021-08-14T21:07:57.009] [DEBUG] cheese - null
[2021-08-14T21:07:57.009] [DEBUG] cheese - null
[2021-08-14T21:08:07.137] [DEBUG] cheese - login => username:admin,password:123456
[2021-08-14T21:08:07.137] [DEBUG] cheese - admin
[2021-08-14T21:08:07.140] [DEBUG] cheese - null
[2021-08-14T21:08:07.140] [DEBUG] cheese - null
[2021-08-14T21:08:27.190] [DEBUG] cheese - login => username:admin,password:123456
[2021-08-14T21:08:27.190] [DEBUG] cheese - admin
[2021-08-14T21:08:27.195] [DEBUG] cheese - null
[2021-08-14T21:08:27.195] [DEBUG] cheese - null
[2021-08-14T21:09:08.394] [DEBUG] cheese - login => username:admin,password:123456
[2021-08-14T21:09:08.394] [DEBUG] cheese - admin
[2021-08-14T21:09:08.397] [DEBUG] cheese - null
[2021-08-14T21:09:08.397] [DEBUG] cheese - null
[2021-08-14T21:54:19.934] [DEBUG] cheese - login => username:admin,password:123456
[2021-08-14T21:54:19.934] [DEBUG] cheese - admin
[2021-08-14T21:54:19.938] [DEBUG] cheese - null
[2021-08-14T21:54:19.938] [DEBUG] cheese - null
[2021-08-14T21:59:13.429] [DEBUG] cheese - login => username:admin,password:123456
[2021-08-14T21:59:13.429] [DEBUG] cheese - admin
[2021-08-14T21:59:13.433] [DEBUG] cheese - null
[2021-08-14T21:59:13.433] [DEBUG] cheese - null
[2021-08-14T22:00:50.376] [DEBUG] cheese - login => username:admin,password:123456
[2021-08-14T22:00:50.376] [DEBUG] cheese - admin
[2021-08-14T22:00:50.378] [DEBUG] cheese - null
[2021-08-14T22:00:50.378] [DEBUG] cheese - null
[2021-08-14T22:01:52.220] [DEBUG] cheese - login => username:admin,password:123456
[2021-08-14T22:01:52.220] [DEBUG] cheese - admin
[2021-08-14T22:01:52.223] [DEBUG] cheese - null
[2021-08-14T22:01:52.223] [DEBUG] cheese - null
[2021-08-14T22:02:03.404] [DEBUG] cheese - login => username:admin,password:123456
[2021-08-14T22:02:03.404] [DEBUG] cheese - admin
[2021-08-14T22:02:03.406] [DEBUG] cheese - null
[2021-08-14T22:02:03.406] [DEBUG] cheese - null
[2021-08-14T22:02:08.512] [DEBUG] cheese - login => username:admin,password:123456
[2021-08-14T22:02:08.512] [DEBUG] cheese - admin
[2021-08-14T22:02:08.514] [DEBUG] cheese - null
[2021-08-14T22:02:08.514] [DEBUG] cheese - null
[2021-08-14T22:02:21.128] [DEBUG] cheese - login => username:admin,password:123456
[2021-08-14T22:02:21.128] [DEBUG] cheese - admin
[2021-08-14T22:02:21.130] [DEBUG] cheese - null
[2021-08-14T22:02:21.130] [DEBUG] cheese - null
[2021-08-14T22:02:31.943] [DEBUG] cheese - login => username:admin,password:123456
[2021-08-14T22:02:31.943] [DEBUG] cheese - admin
[2021-08-14T22:02:31.945] [DEBUG] cheese - null
[2021-08-14T22:02:31.946] [DEBUG] cheese - null
[2021-08-14T22:02:38.128] [DEBUG] cheese - login => username:admin,password:123456
[2021-08-14T22:02:38.128] [DEBUG] cheese - admin
[2021-08-14T22:02:38.130] [DEBUG] cheese - null
[2021-08-14T22:02:38.130] [DEBUG] cheese - null
[2021-08-14T22:02:57.308] [DEBUG] cheese - login => username:admin,password:123456
[2021-08-14T22:02:57.308] [DEBUG] cheese - admin
[2021-08-14T22:02:57.311] [DEBUG] cheese - null
[2021-08-14T22:02:57.311] [DEBUG] cheese - null
[2021-08-14T22:03:12.939] [DEBUG] cheese - login => username:admin,password:123456
[2021-08-14T22:03:12.939] [DEBUG] cheese - admin
[2021-08-14T22:03:12.941] [DEBUG] cheese - null
[2021-08-14T22:03:12.942] [DEBUG] cheese - null
[2021-08-14T22:03:21.831] [DEBUG] cheese - login => username:admin,password:123456
[2021-08-14T22:03:21.831] [DEBUG] cheese - admin
[2021-08-14T22:03:21.834] [DEBUG] cheese - null
[2021-08-14T22:03:21.834] [DEBUG] cheese - null
[2021-08-14T22:03:25.094] [DEBUG] cheese - login => username:admin,password:123456
[2021-08-14T22:03:25.094] [DEBUG] cheese - admin
[2021-08-14T22:03:25.097] [DEBUG] cheese - null
[2021-08-14T22:03:25.097] [DEBUG] cheese - null
[2021-08-14T22:03:29.187] [DEBUG] cheese - login => username:admin,password:123456
[2021-08-14T22:03:29.187] [DEBUG] cheese - admin
[2021-08-14T22:03:29.189] [DEBUG] cheese - null
[2021-08-14T22:03:29.189] [DEBUG] cheese - null
[2021-08-14T22:04:17.321] [DEBUG] cheese - login => username:admin,password:123456
[2021-08-14T22:04:17.321] [DEBUG] cheese - admin
[2021-08-14T22:04:17.323] [DEBUG] cheese - null
[2021-08-14T22:04:17.323] [DEBUG] cheese - null
[2021-08-14T22:04:27.437] [DEBUG] cheese - login => username:admin,password:123456
[2021-08-14T22:04:27.437] [DEBUG] cheese - admin
[2021-08-14T22:04:27.438] [DEBUG] cheese - null
[2021-08-14T22:04:27.439] [DEBUG] cheese - null
[2021-08-14T22:04:40.678] [DEBUG] cheese - login => username:admin,password:123456
[2021-08-14T22:04:40.678] [DEBUG] cheese - admin
[2021-08-14T22:04:40.680] [DEBUG] cheese - null
[2021-08-14T22:04:40.680] [DEBUG] cheese - null
[2021-08-14T22:04:50.318] [DEBUG] cheese - login => username:admin,password:123456
[2021-08-14T22:04:50.318] [DEBUG] cheese - admin
[2021-08-14T22:04:50.321] [DEBUG] cheese - null
[2021-08-14T22:04:50.321] [DEBUG] cheese - null
[2021-08-14T22:05:02.344] [DEBUG] cheese - login => username:admin,password:123456
[2021-08-14T22:05:02.344] [DEBUG] cheese - admin
[2021-08-14T22:05:02.347] [DEBUG] cheese - null
[2021-08-14T22:05:02.347] [DEBUG] cheese - null
[2021-08-14T22:05:22.222] [DEBUG] cheese - login => username:admin,password:123456
[2021-08-14T22:05:22.222] [DEBUG] cheese - admin
[2021-08-14T22:05:22.225] [DEBUG] cheese - null
[2021-08-14T22:05:22.225] [DEBUG] cheese - null
[2021-08-14T22:05:44.580] [DEBUG] cheese - login => username:admin,password:123456
[2021-08-14T22:05:44.580] [DEBUG] cheese - admin
[2021-08-14T22:05:44.582] [DEBUG] cheese - null
[2021-08-14T22:05:44.582] [DEBUG] cheese - null
[2021-08-14T22:05:57.443] [DEBUG] cheese - login => username:admin,password:123456
[2021-08-14T22:05:57.443] [DEBUG] cheese - admin
[2021-08-14T22:05:57.448] [DEBUG] cheese - null
[2021-08-14T22:05:57.448] [DEBUG] cheese - null
[2021-08-14T22:06:03.677] [DEBUG] cheese - login => username:admin,password:123456
[2021-08-14T22:06:03.677] [DEBUG] cheese - admin
[2021-08-14T22:06:03.679] [DEBUG] cheese - null
[2021-08-14T22:06:03.679] [DEBUG] cheese - null
[2021-08-14T22:06:08.945] [DEBUG] cheese - login => username:admin,password:123456
[2021-08-14T22:06:08.945] [DEBUG] cheese - admin
[2021-08-14T22:06:08.948] [DEBUG] cheese - null
[2021-08-14T22:06:08.949] [DEBUG] cheese - null
[2021-08-14T22:06:16.902] [DEBUG] cheese - login => username:admin,password:123456
[2021-08-14T22:06:16.902] [DEBUG] cheese - admin
[2021-08-14T22:06:16.904] [DEBUG] cheese - null
[2021-08-14T22:06:16.904] [DEBUG] cheese - null
[2021-08-14T22:06:31.221] [DEBUG] cheese - login => username:admin,password:123456
[2021-08-14T22:06:31.221] [DEBUG] cheese - admin
[2021-08-14T22:06:31.224] [DEBUG] cheese - null
[2021-08-14T22:06:31.224] [DEBUG] cheese - null
[2021-08-14T22:06:42.217] [DEBUG] cheese - login => username:admin,password:123456
[2021-08-14T22:06:42.217] [DEBUG] cheese - admin
[2021-08-14T22:06:42.219] [DEBUG] cheese - null
[2021-08-14T22:06:42.219] [DEBUG] cheese - null
[2021-08-14T22:06:44.326] [DEBUG] cheese - login => username:admin,password:123456
[2021-08-14T22:06:44.326] [DEBUG] cheese - admin
[2021-08-14T22:06:44.330] [DEBUG] cheese - null
[2021-08-14T22:06:44.330] [DEBUG] cheese - null
[2021-08-14T22:06:53.491] [DEBUG] cheese - login => username:admin,password:123456
[2021-08-14T22:06:53.491] [DEBUG] cheese - admin
[2021-08-14T22:06:53.497] [DEBUG] cheese - null
[2021-08-14T22:06:53.498] [DEBUG] cheese - null
[2021-08-14T22:16:31.030] [DEBUG] cheese - login => username:admin,password:123456
[2021-08-14T22:16:31.030] [DEBUG] cheese - admin
[2021-08-14T22:16:31.034] [DEBUG] cheese - null
[2021-08-14T22:16:31.035] [DEBUG] cheese - null
[2021-08-14T22:18:38.279] [DEBUG] cheese - login => username:admin,password:123456
[2021-08-14T22:18:38.280] [DEBUG] cheese - admin
[2021-08-14T22:18:38.283] [DEBUG] cheese - null
[2021-08-14T22:18:38.283] [DEBUG] cheese - null
[2021-08-14T22:18:56.257] [DEBUG] cheese - login => username:admin,password:123456
[2021-08-14T22:18:56.257] [DEBUG] cheese - admin
[2021-08-14T22:18:56.269] [DEBUG] cheese - null
[2021-08-14T22:18:56.270] [DEBUG] cheese - null
[2021-08-14T22:19:44.591] [DEBUG] cheese - login => username:admin,password:123456
[2021-08-14T22:19:44.591] [DEBUG] cheese - admin
[2021-08-14T22:19:44.594] [DEBUG] cheese - null
[2021-08-14T22:19:44.594] [DEBUG] cheese - null
[2021-08-14T22:20:05.574] [DEBUG] cheese - login => username:admin,password:123456
[2021-08-14T22:20:05.574] [DEBUG] cheese - admin
[2021-08-14T22:20:05.576] [DEBUG] cheese - null
[2021-08-14T22:20:05.576] [DEBUG] cheese - null
[2021-08-14T22:20:28.634] [DEBUG] cheese - login => username:admin,password:123456
[2021-08-14T22:20:28.634] [DEBUG] cheese - admin
[2021-08-14T22:20:28.635] [DEBUG] cheese - null
[2021-08-14T22:20:28.635] [DEBUG] cheese - null
[2021-08-14T22:20:30.992] [DEBUG] cheese - login => username:admin,password:123456
[2021-08-14T22:20:30.992] [DEBUG] cheese - admin
[2021-08-14T22:20:30.995] [DEBUG] cheese - null
[2021-08-14T22:20:30.996] [DEBUG] cheese - null
[2021-08-14T22:20:36.821] [DEBUG] cheese - login => username:admin,password:123456
[2021-08-14T22:20:36.821] [DEBUG] cheese - admin
[2021-08-14T22:20:36.823] [DEBUG] cheese - null
[2021-08-14T22:20:36.823] [DEBUG] cheese - null
[2021-08-14T22:20:40.651] [DEBUG] cheese - login => username:admin,password:123456
[2021-08-14T22:20:40.651] [DEBUG] cheese - admin
[2021-08-14T22:20:40.656] [DEBUG] cheese - null
[2021-08-14T22:20:40.656] [DEBUG] cheese - null
[2021-08-14T22:20:43.038] [DEBUG] cheese - login => username:admin,password:123456
[2021-08-14T22:20:43.038] [DEBUG] cheese - admin
[2021-08-14T22:20:43.041] [DEBUG] cheese - null
[2021-08-14T22:20:43.041] [DEBUG] cheese - null
[2021-08-14T22:20:49.846] [DEBUG] cheese - login => username:admin,password:123456
[2021-08-14T22:20:49.846] [DEBUG] cheese - admin
[2021-08-14T22:20:49.849] [DEBUG] cheese - null
[2021-08-14T22:20:49.849] [DEBUG] cheese - null
[2021-08-14T22:24:08.165] [DEBUG] cheese - login => username:admin,password:123456
[2021-08-14T22:24:08.165] [DEBUG] cheese - admin
[2021-08-14T22:24:08.172] [DEBUG] cheese - null
[2021-08-14T22:24:08.172] [DEBUG] cheese - null
[2021-08-14T22:24:12.728] [DEBUG] cheese - login => username:admin,password:123456
[2021-08-14T22:24:12.728] [DEBUG] cheese - admin
[2021-08-14T22:24:12.730] [DEBUG] cheese - null
[2021-08-14T22:24:12.730] [DEBUG] cheese - null
[2021-08-14T22:24:15.809] [DEBUG] cheese - login => username:admin,password:123456
[2021-08-14T22:24:15.809] [DEBUG] cheese - admin
[2021-08-14T22:24:15.812] [DEBUG] cheese - null
[2021-08-14T22:24:15.812] [DEBUG] cheese - null
[2021-08-14T22:24:19.103] [DEBUG] cheese - login => username:admin,password:123456
[2021-08-14T22:24:19.103] [DEBUG] cheese - admin
[2021-08-14T22:24:19.106] [DEBUG] cheese - null
[2021-08-14T22:24:19.106] [DEBUG] cheese - null
[2021-08-14T22:24:50.027] [DEBUG] cheese - login => username:admin,password:123456
[2021-08-14T22:24:50.028] [DEBUG] cheese - admin
[2021-08-14T22:24:50.032] [DEBUG] cheese - null
[2021-08-14T22:24:50.032] [DEBUG] cheese - null
[2021-08-14T22:24:57.092] [DEBUG] cheese - login => username:admin,password:123456
[2021-08-14T22:24:57.093] [DEBUG] cheese - admin
[2021-08-14T22:24:57.099] [DEBUG] cheese - null
[2021-08-14T22:24:57.099] [DEBUG] cheese - null
[2021-08-14T22:25:09.053] [DEBUG] cheese - login => username:admin,password:123456
[2021-08-14T22:25:09.053] [DEBUG] cheese - admin
[2021-08-14T22:25:09.055] [DEBUG] cheese - null
[2021-08-14T22:25:09.056] [DEBUG] cheese - null
[2021-08-14T22:25:20.678] [DEBUG] cheese - login => username:admin,password:123456
[2021-08-14T22:25:20.678] [DEBUG] cheese - admin
[2021-08-14T22:25:20.682] [DEBUG] cheese - null
[2021-08-14T22:25:20.682] [DEBUG] cheese - null
[2021-08-14T22:25:30.656] [DEBUG] cheese - login => username:admin,password:123456
[2021-08-14T22:25:30.656] [DEBUG] cheese - admin
[2021-08-14T22:25:30.659] [DEBUG] cheese - null
[2021-08-14T22:25:30.660] [DEBUG] cheese - null
[2021-08-14T22:31:08.778] [DEBUG] cheese - login => username:admin,password:123456
[2021-08-14T22:31:08.778] [DEBUG] cheese - admin
[2021-08-14T22:31:08.782] [DEBUG] cheese - null
[2021-08-14T22:31:08.782] [DEBUG] cheese - null
[2021-08-14T22:31:19.446] [DEBUG] cheese - login => username:admin,password:123456
[2021-08-14T22:31:19.446] [DEBUG] cheese - admin
[2021-08-14T22:31:19.449] [DEBUG] cheese - null
[2021-08-14T22:31:19.449] [DEBUG] cheese - null
[2021-08-14T22:32:17.355] [DEBUG] cheese - login => username:admin,password:123456
[2021-08-14T22:32:17.355] [DEBUG] cheese - admin
[2021-08-14T22:32:17.357] [DEBUG] cheese - null
[2021-08-14T22:32:17.358] [DEBUG] cheese - null
[2021-08-15T10:22:25.953] [DEBUG] cheese - login => username:admin,password:123456
[2021-08-15T10:22:25.955] [DEBUG] cheese - admin
[2021-08-15T10:22:25.990] [DEBUG] cheese - null
[2021-08-15T10:22:25.991] [DEBUG] cheese - null
[2021-08-15T10:24:35.794] [DEBUG] cheese - login => username:admin,password:123456
[2021-08-15T10:24:35.794] [DEBUG] cheese - admin
[2021-08-15T10:24:35.808] [DEBUG] cheese - null
[2021-08-15T10:24:35.808] [DEBUG] cheese - null
[2021-08-15T10:25:19.244] [DEBUG] cheese - login => username:admin,password:123456
[2021-08-15T10:25:19.244] [DEBUG] cheese - admin
[2021-08-15T10:25:19.247] [DEBUG] cheese - null
[2021-08-15T10:25:19.247] [DEBUG] cheese - null
[2021-08-15T10:30:17.605] [DEBUG] cheese - login => username:admin,password:123456
[2021-08-15T10:30:17.605] [DEBUG] cheese - admin
[2021-08-15T10:30:17.611] [DEBUG] cheese - null
[2021-08-15T10:30:17.612] [DEBUG] cheese - null
[2021-08-15T11:28:44.792] [DEBUG] cheese - login => username:admin,password:123456
[2021-08-15T11:28:44.792] [DEBUG] cheese - admin
[2021-08-15T11:28:44.799] [DEBUG] cheese - null
[2021-08-15T11:28:44.799] [DEBUG] cheese - null
[2021-08-15T11:37:00.352] [DEBUG] cheese - login => username:admin,password:123456
[2021-08-15T11:37:00.352] [DEBUG] cheese - admin
[2021-08-15T11:37:00.358] [DEBUG] cheese - null
[2021-08-15T11:37:00.358] [DEBUG] cheese - null
[2021-08-15T12:06:16.993] [DEBUG] cheese - login => username:admin,password:123456
[2021-08-15T12:06:16.993] [DEBUG] cheese - admin
[2021-08-15T12:06:17.004] [DEBUG] cheese - null
[2021-08-15T12:06:17.004] [DEBUG] cheese - null
[2021-08-15T12:06:31.458] [DEBUG] cheese - login => username:admin,password:123456
[2021-08-15T12:06:31.458] [DEBUG] cheese - admin
[2021-08-15T12:06:31.460] [DEBUG] cheese - null
[2021-08-15T12:06:31.460] [DEBUG] cheese - null
[2021-08-15T12:06:34.742] [DEBUG] cheese - login => username:admin,password:123456
[2021-08-15T12:06:34.742] [DEBUG] cheese - admin
[2021-08-15T12:06:34.746] [DEBUG] cheese - null
[2021-08-15T12:06:34.746] [DEBUG] cheese - null
[2021-08-15T12:07:43.489] [DEBUG] cheese - login => username:admin,password:123456
[2021-08-15T12:07:43.489] [DEBUG] cheese - admin
[2021-08-15T12:07:43.491] [DEBUG] cheese - null
[2021-08-15T12:07:43.491] [DEBUG] cheese - null
[2021-08-15T12:08:52.276] [DEBUG] cheese - login => username:admin,password:123456
[2021-08-15T12:08:52.277] [DEBUG] cheese - admin
[2021-08-15T12:08:52.280] [DEBUG] cheese - null
[2021-08-15T12:08:52.280] [DEBUG] cheese - null
[2021-08-15T12:10:56.258] [DEBUG] cheese - login => username:admin,password:123456
[2021-08-15T12:10:56.258] [DEBUG] cheese - admin
[2021-08-15T12:10:56.265] [DEBUG] cheese - null
[2021-08-15T12:10:56.265] [DEBUG] cheese - null
[2021-08-15T12:11:19.576] [DEBUG] cheese - login => username:admin,password:123456
[2021-08-15T12:11:19.577] [DEBUG] cheese - admin
[2021-08-15T12:11:19.580] [DEBUG] cheese - null
[2021-08-15T12:11:19.580] [DEBUG] cheese - null
[2021-08-15T12:12:37.128] [DEBUG] cheese - login => username:admin,password:123456
[2021-08-15T12:12:37.128] [DEBUG] cheese - admin
[2021-08-15T12:12:37.133] [DEBUG] cheese - null
[2021-08-15T12:12:37.133] [DEBUG] cheese - null
[2021-08-15T12:13:20.978] [DEBUG] cheese - login => username:admin,password:123456
[2021-08-15T12:13:20.978] [DEBUG] cheese - admin
[2021-08-15T12:13:20.981] [DEBUG] cheese - null
[2021-08-15T12:13:20.981] [DEBUG] cheese - null
[2021-08-15T12:13:32.349] [DEBUG] cheese - login => username:admin,password:123456
[2021-08-15T12:13:32.349] [DEBUG] cheese - admin
[2021-08-15T12:13:32.351] [DEBUG] cheese - null
[2021-08-15T12:13:32.352] [DEBUG] cheese - null
[2021-08-15T12:13:38.933] [DEBUG] cheese - login => username:admin,password:123456
[2021-08-15T12:13:38.934] [DEBUG] cheese - admin
[2021-08-15T12:13:38.938] [DEBUG] cheese - null
[2021-08-15T12:13:38.938] [DEBUG] cheese - null
[2021-08-15T12:23:26.743] [DEBUG] cheese - login => username:admin,password:123456
[2021-08-15T12:23:26.743] [DEBUG] cheese - admin
[2021-08-15T12:23:26.749] [DEBUG] cheese - null
[2021-08-15T12:23:26.749] [DEBUG] cheese - null
[2021-08-15T12:24:25.412] [DEBUG] cheese - login => username:admin,password:123456
[2021-08-15T12:24:25.412] [DEBUG] cheese - admin
[2021-08-15T12:24:25.414] [DEBUG] cheese - null
[2021-08-15T12:24:25.415] [DEBUG] cheese - null
[2021-08-15T12:25:15.901] [DEBUG] cheese - login => username:admin,password:123456
[2021-08-15T12:25:15.901] [DEBUG] cheese - admin
[2021-08-15T12:25:15.905] [DEBUG] cheese - null
[2021-08-15T12:25:15.905] [DEBUG] cheese - null
[2021-08-15T12:26:52.575] [DEBUG] cheese - login => username:admin,password:123456
[2021-08-15T12:26:52.575] [DEBUG] cheese - admin
[2021-08-15T12:26:52.577] [DEBUG] cheese - null
[2021-08-15T12:26:52.577] [DEBUG] cheese - null
[2021-08-15T12:56:31.968] [DEBUG] cheese - login => username:admin,password:123456
[2021-08-15T12:56:31.968] [DEBUG] cheese - admin
[2021-08-15T12:56:31.975] [DEBUG] cheese - null
[2021-08-15T12:56:31.975] [DEBUG] cheese - null
[2021-08-15T12:56:35.851] [DEBUG] cheese - login => username:admin,password:123456
[2021-08-15T12:56:35.851] [DEBUG] cheese - admin
[2021-08-15T12:56:35.855] [DEBUG] cheese - null
[2021-08-15T12:56:35.856] [DEBUG] cheese - null
[2021-08-15T13:04:22.591] [DEBUG] cheese - login => username:admin,password:123456
[2021-08-15T13:04:22.592] [DEBUG] cheese - admin
[2021-08-15T13:04:22.598] [DEBUG] cheese - null
[2021-08-15T13:04:22.598] [DEBUG] cheese - null
[2021-08-15T13:40:54.575] [DEBUG] cheese - login => username:admin,password:123456
[2021-08-15T13:40:54.575] [DEBUG] cheese - admin
[2021-08-15T13:40:54.581] [DEBUG] cheese - null
[2021-08-15T13:40:54.581] [DEBUG] cheese - null
[2021-08-15T13:41:02.209] [DEBUG] cheese - login => username:admin,password:123456
[2021-08-15T13:41:02.209] [DEBUG] cheese - admin
[2021-08-15T13:41:02.211] [DEBUG] cheese - null
[2021-08-15T13:41:02.212] [DEBUG] cheese - null
[2021-08-15T13:41:07.367] [DEBUG] cheese - login => username:admin,password:123456
[2021-08-15T13:41:07.367] [DEBUG] cheese - admin
[2021-08-15T13:41:07.370] [DEBUG] cheese - null
[2021-08-15T13:41:07.370] [DEBUG] cheese - null
[2021-08-15T14:12:54.174] [DEBUG] cheese - login => username:admin,password:123456
[2021-08-15T14:12:54.174] [DEBUG] cheese - admin
[2021-08-15T14:12:54.180] [DEBUG] cheese - null
[2021-08-15T14:12:54.180] [DEBUG] cheese - null
[2021-08-15T14:12:58.053] [DEBUG] cheese - login => username:admin,password:123456
[2021-08-15T14:12:58.053] [DEBUG] cheese - admin
[2021-08-15T14:12:58.056] [DEBUG] cheese - null
[2021-08-15T14:12:58.056] [DEBUG] cheese - null
[2021-08-15T14:13:08.243] [DEBUG] cheese - login => username:admin,password:123456
[2021-08-15T14:13:08.243] [DEBUG] cheese - admin
[2021-08-15T14:13:08.245] [DEBUG] cheese - null
[2021-08-15T14:13:08.245] [DEBUG] cheese - null
[2021-08-15T14:13:11.082] [DEBUG] cheese - login => username:admin,password:123456
[2021-08-15T14:13:11.084] [DEBUG] cheese - admin
[2021-08-15T14:13:11.087] [DEBUG] cheese - null
[2021-08-15T14:13:11.087] [DEBUG] cheese - null
[2021-08-15T14:13:26.473] [DEBUG] cheese - login => username:admin,password:123456
[2021-08-15T14:13:26.473] [DEBUG] cheese - admin
[2021-08-15T14:13:26.475] [DEBUG] cheese - null
[2021-08-15T14:13:26.475] [DEBUG] cheese - null
[2021-08-15T14:13:47.955] [DEBUG] cheese - login => username:admin,password:123456
[2021-08-15T14:13:47.956] [DEBUG] cheese - admin
[2021-08-15T14:13:47.960] [DEBUG] cheese - null
[2021-08-15T14:13:47.960] [DEBUG] cheese - null
[2021-08-15T14:14:24.753] [DEBUG] cheese - login => username:admin,password:123456
[2021-08-15T14:14:24.753] [DEBUG] cheese - admin
[2021-08-15T14:14:24.756] [DEBUG] cheese - null
[2021-08-15T14:14:24.756] [DEBUG] cheese - null
[2021-08-15T14:17:01.551] [DEBUG] cheese - login => username:admin,password:123456
[2021-08-15T14:17:01.551] [DEBUG] cheese - admin
[2021-08-15T14:17:01.559] [DEBUG] cheese - null
[2021-08-15T14:17:01.559] [DEBUG] cheese - null
[2021-08-16T21:01:12.760] [DEBUG] cheese - login => username:admin,password:123456
[2021-08-16T21:01:12.772] [DEBUG] cheese - admin
[2021-08-16T21:01:12.798] [DEBUG] cheese - null
[2021-08-16T21:01:12.798] [DEBUG] cheese - null
[2021-08-16T22:30:14.246] [DEBUG] cheese - login => username:admin,password:123456
[2021-08-16T22:30:14.249] [DEBUG] cheese - admin
[2021-08-16T22:30:14.264] [DEBUG] cheese - null
[2021-08-16T22:30:14.264] [DEBUG] cheese - null
[2021-08-16T23:05:59.139] [DEBUG] cheese - login => username:admin,password:123456
[2021-08-16T23:05:59.139] [DEBUG] cheese - admin
[2021-08-16T23:05:59.145] [DEBUG] cheese - null
[2021-08-16T23:05:59.145] [DEBUG] cheese - null
[2021-08-16T23:06:02.161] [DEBUG] cheese - login => username:admin,password:123456
[2021-08-16T23:06:02.161] [DEBUG] cheese - admin
[2021-08-16T23:06:02.165] [DEBUG] cheese - null
[2021-08-16T23:06:02.165] [DEBUG] cheese - null
[2021-08-16T23:06:53.700] [DEBUG] cheese - login => username:admin,password:123456
[2021-08-16T23:06:53.701] [DEBUG] cheese - admin
[2021-08-16T23:06:53.703] [DEBUG] cheese - null
[2021-08-16T23:06:53.703] [DEBUG] cheese - null
[2021-08-17T23:14:27.172] [DEBUG] cheese - login => username:admin,password:123456
[2021-08-17T23:14:27.173] [DEBUG] cheese - admin
[2021-08-17T23:14:27.183] [DEBUG] cheese - null
[2021-08-17T23:14:27.183] [DEBUG] cheese - null
[2021-08-18T21:56:07.977] [DEBUG] cheese - login => username:admin,password:123456
[2021-08-18T21:56:07.979] [DEBUG] cheese - admin
[2021-08-18T21:56:08.022] [DEBUG] cheese - null
[2021-08-18T21:56:08.023] [DEBUG] cheese - null
[2021-08-18T23:24:45.458] [DEBUG] cheese - login => username:admin,password:123456
[2021-08-18T23:24:45.459] [DEBUG] cheese - admin
[2021-08-18T23:24:45.468] [DEBUG] cheese - null
[2021-08-18T23:24:45.469] [DEBUG] cheese - null
[2021-08-20T00:20:28.836] [DEBUG] cheese - login => username:admin,password:123456
[2021-08-20T00:20:28.838] [DEBUG] cheese - admin
[2021-08-20T00:20:28.881] [DEBUG] cheese - null
[2021-08-20T00:20:28.882] [DEBUG] cheese - null
